<?xml version="1.0" encoding="UTF-8"?>
<!-- Generated by org.testng.reporters.JUnitXMLReporter -->
<testsuite ignored="0" hostname="HAPPY" failures="1" tests="7" name="Test" time="79.446" errors="0" timestamp="2024-10-04T14:29:31 IST">
  <testcase classname="testCases.Tc_001AccountRegistationTest" name="verify_account_registration" time="4.631"/>
  <testcase classname="testCases.TC_002_LoginTest" name="verify_Login" time="12.729">
    <failure type="java.lang.AssertionError" message="expected [true] but found [false]">
      <![CDATA[java.lang.AssertionError: expected [true] but found [false]
at testCases.TC_002_LoginTest.verify_Login(TC_002_LoginTest.java:36)
at java.base/java.util.ArrayList.forEach(ArrayList.java:1597)
... Removed 29 stack frames]]>
    </failure>
  </testcase> <!-- verify_Login -->
  <testcase classname="testCases.TC_003LoginDDT" name="verify_LoginDDT" time="2.873"/>
  <testcase classname="testCases.TC_003LoginDDT" name="verify_LoginDDT" time="11.282"/>
  <testcase classname="testCases.TC_003LoginDDT" name="verify_LoginDDT" time="11.441"/>
  <testcase classname="testCases.TC_003LoginDDT" name="verify_LoginDDT" time="11.386"/>
  <testcase classname="testCases.TC_003LoginDDT" name="verify_LoginDDT" time="2.546"/>
</testsuite> <!-- Test -->
